#
# There is insufficient memory for the Java Runtime Environment to continue.
# Native memory allocation (mmap) failed to map 65536 bytes for Failed to commit metaspace.
# Possible reasons:
#   The system is out of physical RAM or swap space
#   The process is running with CompressedOops enabled, and the Java Heap may be blocking the growth of the native heap
# Possible solutions:
#   Reduce memory load on the system
#   Increase physical memory or swap space
#   Check if swap backing store is full
#   Decrease Java heap size (-Xmx/-Xms)
#   Decrease number of Java threads
#   Decrease Java thread stack sizes (-Xss)
#   Set larger code cache with -XX:ReservedCodeCacheSize=
#   JVM is running with Unscaled Compressed Oops mode in which the Java heap is
#     placed in the first 4GB address space. The Java Heap base address is the
#     maximum limit for the native heap growth. Please use -XX:HeapBaseMinAddress
#     to set the Java Heap base and to place the Java Heap above 4GB virtual address.
# This output file may be truncated or incomplete.
#
#  Out of Memory Error (virtualSpaceNode.cpp:110), pid=3916, tid=10904
#
# JRE version: Java(TM) SE Runtime Environment (17.0.2+8) (build 17.0.2+8-LTS-86)
# Java VM: Java HotSpot(TM) 64-Bit Server VM (17.0.2+8-LTS-86, mixed mode, sharing, tiered, compressed oops, compressed class ptrs, g1 gc, windows-amd64)
# No core dump will be written. Minidumps are not enabled by default on client versions of Windows
#

---------------  S U M M A R Y ------------

Command Line: -ea -Dfile.encoding=windows-1252 -XX:+ShowCodeDetailsInExceptionMessages org.eclipse.jdt.internal.junit.runner.RemoteTestRunner -version 3 -port 49495 -testLoaderClass org.eclipse.jdt.internal.junit4.runner.JUnit4TestLoader -loaderpluginname org.eclipse.jdt.junit4.runtime -classNames testRunner.TestRunner

Host: Intel(R) Core(TM) i5-3337U CPU @ 1.80GHz, 4 cores, 7G,  Windows 10 , 64 bit Build 19041 (10.0.19041.1741)
Time: Fri Nov 18 13:48:02 2022 India Standard Time elapsed time: 6.668414 seconds (0d 0h 0m 6s)

---------------  T H R E A D  ---------------

Current thread (0x000002da28f73080):  JavaThread "main" [_thread_in_vm, id=10904, stack(0x000000f392900000,0x000000f392a00000)]

Stack: [0x000000f392900000,0x000000f392a00000]
Native frames: (J=compiled Java code, j=interpreted, Vv=VM code, C=native code)
V  [jvm.dll+0x670baa]
V  [jvm.dll+0x7cfcb4]
V  [jvm.dll+0x7d145e]
V  [jvm.dll+0x7d1ac3]
V  [jvm.dll+0x242bc5]
V  [jvm.dll+0x7cbc5b]
V  [jvm.dll+0x616966]
V  [jvm.dll+0x1be3ee]
V  [jvm.dll+0x6192a1]
V  [jvm.dll+0x617306]
V  [jvm.dll+0x23718f]
V  [jvm.dll+0x621015]
V  [jvm.dll+0x1e7e2b]
V  [jvm.dll+0x1e8365]
V  [jvm.dll+0x1e8d9f]
V  [jvm.dll+0x1de251]
V  [jvm.dll+0x537c30]
V  [jvm.dll+0x74ad28]
V  [jvm.dll+0x74ae14]
V  [jvm.dll+0x408cc5]
V  [jvm.dll+0x40ed18]
C  [java.dll+0x17ec]

Java frames: (J=compiled Java code, j=interpreted, Vv=VM code)
J 1000  java.lang.ClassLoader.defineClass1(Ljava/lang/ClassLoader;Ljava/lang/String;[BIILjava/security/ProtectionDomain;Ljava/lang/String;)Ljava/lang/Class; java.base@17.0.2 (0 bytes) @ 0x000002da38259ce3 [0x000002da38259c20+0x00000000000000c3]
j  java.lang.System$2.defineClass(Ljava/lang/ClassLoader;Ljava/lang/String;[BLjava/security/ProtectionDomain;Ljava/lang/String;)Ljava/lang/Class;+10 java.base@17.0.2
j  java.lang.reflect.Proxy$ProxyBuilder.defineProxyClass(Ljava/lang/Module;Ljava/util/List;)Ljava/lang/Class;+398 java.base@17.0.2
j  java.lang.reflect.Proxy$ProxyBuilder.build()Ljava/lang/reflect/Constructor;+8 java.base@17.0.2
j  java.lang.reflect.Proxy.lambda$getProxyConstructor$0(Ljava/lang/ClassLoader;Ljdk/internal/loader/AbstractClassLoaderValue$Sub;)Ljava/lang/reflect/Constructor;+15 java.base@17.0.2
j  java.lang.reflect.Proxy$$Lambda$8+0x0000000800c21d90.apply(Ljava/lang/Object;Ljava/lang/Object;)Ljava/lang/Object;+8 java.base@17.0.2
j  jdk.internal.loader.AbstractClassLoaderValue$Memoizer.get()Ljava/lang/Object;+75 java.base@17.0.2
j  jdk.internal.loader.AbstractClassLoaderValue.computeIfAbsent(Ljava/lang/ClassLoader;Ljava/util/function/BiFunction;)Ljava/lang/Object;+63 java.base@17.0.2
j  java.lang.reflect.Proxy.getProxyConstructor(Ljava/lang/Class;Ljava/lang/ClassLoader;[Ljava/lang/Class;)Ljava/lang/reflect/Constructor;+40 java.base@17.0.2
j  java.lang.reflect.Proxy.newProxyInstance(Ljava/lang/ClassLoader;[Ljava/lang/Class;Ljava/lang/reflect/InvocationHandler;)Ljava/lang/Object;+22 java.base@17.0.2
j  sun.reflect.annotation.AnnotationParser$1.run()Ljava/lang/annotation/Annotation;+33 java.base@17.0.2
j  sun.reflect.annotation.AnnotationParser$1.run()Ljava/lang/Object;+1 java.base@17.0.2
j  java.security.AccessController.executePrivileged(Ljava/security/PrivilegedAction;Ljava/security/AccessControlContext;Ljava/lang/Class;)Ljava/lang/Object;+29 java.base@17.0.2
j  java.security.AccessController.doPrivileged(Ljava/security/PrivilegedAction;)Ljava/lang/Object;+5 java.base@17.0.2
j  sun.reflect.annotation.AnnotationParser.annotationForMap(Ljava/lang/Class;Ljava/util/Map;)Ljava/lang/annotation/Annotation;+9 java.base@17.0.2
j  sun.reflect.annotation.AnnotationParser.parseAnnotation2(Ljava/nio/ByteBuffer;Ljdk/internal/reflect/ConstantPool;Ljava/lang/Class;Z[Ljava/lang/Class;)Ljava/lang/annotation/Annotation;+267 java.base@17.0.2
j  sun.reflect.annotation.AnnotationParser.parseAnnotations2([BLjdk/internal/reflect/ConstantPool;Ljava/lang/Class;[Ljava/lang/Class;)Ljava/util/Map;+41 java.base@17.0.2
J 1516 c1 sun.reflect.annotation.AnnotationParser.parseAnnotations([BLjdk/internal/reflect/ConstantPool;Ljava/lang/Class;)Ljava/util/Map; java.base@17.0.2 (37 bytes) @ 0x000002da30fce36c [0x000002da30fce280+0x00000000000000ec]
J 1476 c1 java.lang.reflect.Executable.declaredAnnotations()Ljava/util/Map; java.base@17.0.2 (85 bytes) @ 0x000002da30fc1f24 [0x000002da30fc18c0+0x0000000000000664]
J 1476 c1 java.lang.reflect.Executable.declaredAnnotations()Ljava/util/Map; java.base@17.0.2 (85 bytes) @ 0x000002da30fc1bc4 [0x000002da30fc18c0+0x0000000000000304]
J 1515 c1 java.lang.reflect.Method.getDeclaredAnnotations()[Ljava/lang/annotation/Annotation; java.base@17.0.2 (5 bytes) @ 0x000002da30fced2c [0x000002da30fcec80+0x00000000000000ac]
j  java.lang.reflect.AccessibleObject.getAnnotations()[Ljava/lang/annotation/Annotation;+1 java.base@17.0.2
j  io.cucumber.java.MethodScanner.scan(Ljava/util/function/BiConsumer;Ljava/lang/Class;Ljava/lang/reflect/Method;)V+17
j  io.cucumber.java.MethodScanner.scan(Ljava/lang/Class;Ljava/util/function/BiConsumer;)V+45
j  io.cucumber.java.JavaBackend.lambda$loadGlue$2(Lio/cucumber/java/GlueAdaptor;Ljava/lang/Class;)V+8
j  io.cucumber.java.JavaBackend$$Lambda$212+0x0000000800d5ebd0.accept(Ljava/lang/Object;)V+12
j  java.util.stream.ForEachOps$ForEachOp$OfRef.accept(Ljava/lang/Object;)V+5 java.base@17.0.2
j  java.util.stream.DistinctOps$1$2.accept(Ljava/lang/Object;)V+18 java.base@17.0.2
j  java.util.ArrayList$ArrayListSpliterator.forEachRemaining(Ljava/util/function/Consumer;)V+95 java.base@17.0.2
j  java.util.stream.ReferencePipeline$Head.forEach(Ljava/util/function/Consumer;)V+12 java.base@17.0.2
j  java.util.stream.ReferencePipeline$7$1.accept(Ljava/lang/Object;)V+41 java.base@17.0.2
j  java.util.stream.ReferencePipeline$3$1.accept(Ljava/lang/Object;)V+17 java.base@17.0.2
j  java.util.stream.ReferencePipeline$3$1.accept(Ljava/lang/Object;)V+17 java.base@17.0.2
j  java.util.stream.ReferencePipeline$2$1.accept(Ljava/lang/Object;)V+21 java.base@17.0.2
j  java.util.ArrayList$ArrayListSpliterator.forEachRemaining(Ljava/util/function/Consumer;)V+95 java.base@17.0.2
j  java.util.stream.AbstractPipeline.copyInto(Ljava/util/stream/Sink;Ljava/util/Spliterator;)V+32 java.base@17.0.2
j  java.util.stream.AbstractPipeline.wrapAndCopyInto(Ljava/util/stream/Sink;Ljava/util/Spliterator;)Ljava/util/stream/Sink;+13 java.base@17.0.2
j  java.util.stream.ForEachOps$ForEachOp.evaluateSequential(Ljava/util/stream/PipelineHelper;Ljava/util/Spliterator;)Ljava/lang/Void;+3 java.base@17.0.2
j  java.util.stream.ForEachOps$ForEachOp$OfRef.evaluateSequential(Ljava/util/stream/PipelineHelper;Ljava/util/Spliterator;)Ljava/lang/Object;+3 java.base@17.0.2
j  java.util.stream.AbstractPipeline.evaluate(Ljava/util/stream/TerminalOp;)Ljava/lang/Object;+88 java.base@17.0.2
j  java.util.stream.ReferencePipeline.forEach(Ljava/util/function/Consumer;)V+6 java.base@17.0.2
j  io.cucumber.java.JavaBackend.loadGlue(Lio/cucumber/core/backend/Glue;Ljava/util/List;)V+80
j  io.cucumber.core.runner.Runner.<init>(Lio/cucumber/core/eventbus/EventBus;Ljava/util/Collection;Lio/cucumber/core/backend/ObjectFactory;Lio/cucumber/core/runner/Options;)V+114
j  io.cucumber.core.runtime.ThreadLocalRunnerSupplier.createRunner()Lio/cucumber/core/runner/Runner;+37
j  io.cucumber.core.runtime.ThreadLocalRunnerSupplier$$Lambda$168+0x0000000800d37300.get()Ljava/lang/Object;+4
j  java.lang.ThreadLocal$SuppliedThreadLocal.initialValue()Ljava/lang/Object;+4 java.base@17.0.2
j  java.lang.ThreadLocal.setInitialValue()Ljava/lang/Object;+1 java.base@17.0.2
J 225 c1 java.lang.ThreadLocal.get()Ljava/lang/Object; java.base@17.0.2 (38 bytes) @ 0x000002da30d32ddc [0x000002da30d32be0+0x00000000000001fc]
j  io.cucumber.core.runtime.ThreadLocalRunnerSupplier.get()Lio/cucumber/core/runner/Runner;+4
j  io.cucumber.core.runtime.CucumberExecutionContext$$Lambda$200+0x0000000800d58628.get()Ljava/lang/Object;+4
j  io.cucumber.core.runtime.RethrowingThrowableCollector.executeAndThrow(Ljava/util/function/Supplier;)Ljava/lang/Object;+1
j  io.cucumber.core.runtime.CucumberExecutionContext.getRunner()Lio/cucumber/core/runner/Runner;+18
j  io.cucumber.core.runtime.CucumberExecutionContext.runBeforeAllHooks()V+1
j  io.cucumber.junit.Cucumber$RunBeforeAllHooks.evaluate()V+7
j  io.cucumber.junit.Cucumber$RunAfterAllHooks.evaluate()V+4
j  io.cucumber.junit.Cucumber$StartTestRun.evaluate()V+61
j  io.cucumber.junit.Cucumber$FinishTestRun.evaluate()V+4
j  org.junit.runners.ParentRunner$3.evaluate()V+4
j  org.junit.runners.ParentRunner.run(Lorg/junit/runner/notification/RunNotifier;)V+24
j  org.eclipse.jdt.internal.junit4.runner.JUnit4TestReference.run(Lorg/eclipse/jdt/internal/junit/runner/TestExecution;)V+72
j  org.eclipse.jdt.internal.junit.runner.TestExecution.run([Lorg/eclipse/jdt/internal/junit/runner/ITestReference;)V+27
j  org.eclipse.jdt.internal.junit.runner.RemoteTestRunner.runTests([Ljava/lang/String;Ljava/lang/String;Lorg/eclipse/jdt/internal/junit/runner/TestExecution;)V+62
j  org.eclipse.jdt.internal.junit.runner.RemoteTestRunner.runTests(Lorg/eclipse/jdt/internal/junit/runner/TestExecution;)V+10
j  org.eclipse.jdt.internal.junit.runner.RemoteTestRunner.run()V+70
j  org.eclipse.jdt.internal.junit.runner.RemoteTestRunner.main([Ljava/lang/String;)V+14
v  ~StubRoutines::call_stub

---------------  P R O C E S S  ---------------

Threads class SMR info:
_java_thread_list=0x000002da47bf8350, length=13, elements={
0x000002da28f73080, 0x000002da4445d7f0, 0x000002da47008090, 0x000002da4703a620,
0x000002da4703d300, 0x000002da47041630, 0x000002da47043ff0, 0x000002da47056a90,
0x000002da47061dd0, 0x000002da470ccf60, 0x000002da4726cca0, 0x000002da47282940,
0x000002da47e59ba0
}

Java Threads: ( => current thread )
=>0x000002da28f73080 JavaThread "main" [_thread_in_vm, id=10904, stack(0x000000f392900000,0x000000f392a00000)]
  0x000002da4445d7f0 JavaThread "Reference Handler" daemon [_thread_blocked, id=3196, stack(0x000000f393000000,0x000000f393100000)]
  0x000002da47008090 JavaThread "Finalizer" daemon [_thread_blocked, id=1212, stack(0x000000f393100000,0x000000f393200000)]
  0x000002da4703a620 JavaThread "Signal Dispatcher" daemon [_thread_blocked, id=8496, stack(0x000000f393200000,0x000000f393300000)]
  0x000002da4703d300 JavaThread "Attach Listener" daemon [_thread_blocked, id=5560, stack(0x000000f393300000,0x000000f393400000)]
  0x000002da47041630 JavaThread "Service Thread" daemon [_thread_blocked, id=10764, stack(0x000000f393400000,0x000000f393500000)]
  0x000002da47043ff0 JavaThread "Monitor Deflation Thread" daemon [_thread_blocked, id=2264, stack(0x000000f393500000,0x000000f393600000)]
  0x000002da47056a90 JavaThread "C2 CompilerThread0" daemon [_thread_blocked, id=12572, stack(0x000000f393600000,0x000000f393700000)]
  0x000002da47061dd0 JavaThread "C1 CompilerThread0" daemon [_thread_blocked, id=16736, stack(0x000000f393700000,0x000000f393800000)]
  0x000002da470ccf60 JavaThread "Sweeper thread" daemon [_thread_blocked, id=16888, stack(0x000000f393800000,0x000000f393900000)]
  0x000002da4726cca0 JavaThread "Notification Thread" daemon [_thread_blocked, id=10820, stack(0x000000f393900000,0x000000f393a00000)]
  0x000002da47282940 JavaThread "Common-Cleaner" daemon [_thread_blocked, id=16580, stack(0x000000f393b00000,0x000000f393c00000)]
  0x000002da47e59ba0 JavaThread "ReaderThread" [_thread_in_native, id=11692, stack(0x000000f393c00000,0x000000f393d00000)]

Other Threads:
  0x000002da44457a60 VMThread "VM Thread" [stack: 0x000000f392f00000,0x000000f393000000] [id=9668]
  0x000002da470f0b10 WatcherThread [stack: 0x000000f393a00000,0x000000f393b00000] [id=14432]
  0x000002da44264890 GCTaskThread "GC Thread#0" [stack: 0x000000f392a00000,0x000000f392b00000] [id=11364]
  0x000002da483af8c0 GCTaskThread "GC Thread#1" [stack: 0x000000f393d00000,0x000000f393e00000] [id=15208]
  0x000002da483afbb0 GCTaskThread "GC Thread#2" [stack: 0x000000f393e00000,0x000000f393f00000] [id=14116]
  0x000002da48373b30 GCTaskThread "GC Thread#3" [stack: 0x000000f393f00000,0x000000f394000000] [id=15316]
  0x000002da44274c90 ConcurrentGCThread "G1 Main Marker" [stack: 0x000000f392b00000,0x000000f392c00000] [id=19292]
  0x000002da28fbe9e0 ConcurrentGCThread "G1 Conc#0" [stack: 0x000000f392c00000,0x000000f392d00000] [id=16360]
  0x000002da442f6450 ConcurrentGCThread "G1 Refine#0" [stack: 0x000000f392d00000,0x000000f392e00000] [id=9460]
  0x000002da442f6d30 ConcurrentGCThread "G1 Service" [stack: 0x000000f392e00000,0x000000f392f00000] [id=7568]

Threads with active compile tasks:

VM state: not at safepoint (normal execution)

VM Mutex/Monitor currently owned by a thread:  ([mutex/lock_event])
[0x000002da28f67ba0] Metaspace_lock - owner thread: 0x000002da28f73080

Heap address: 0x0000000081c00000, size: 2020 MB, Compressed Oops mode: 32-bit

CDS archive(s) mapped at: [0x0000000800000000-0x0000000800bc0000-0x0000000800bc0000), size 12320768, SharedBaseAddress: 0x0000000800000000, ArchiveRelocationMode: 0.
Compressed class space mapped at: 0x0000000800c00000-0x0000000840c00000, reserved size: 1073741824
Narrow klass base: 0x0000000800000000, Narrow klass shift: 0, Narrow klass range: 0x100000000

GC Precious Log:
 CPUs: 4 total, 4 available
 Memory: 8073M
 Large Page Support: Disabled
 NUMA Support: Disabled
 Compressed Oops: Enabled (32-bit)
 Heap Region Size: 1M
 Heap Min Capacity: 8M
 Heap Initial Capacity: 128M
 Heap Max Capacity: 2020M
 Pre-touch: Disabled
 Parallel Workers: 4
 Concurrent Workers: 1
 Concurrent Refinement Workers: 4
 Periodic GC: Disabled

Heap:
 garbage-first heap   total 131072K, used 22458K [0x0000000081c00000, 0x0000000100000000)
  region size 1024K, 18 young (18432K), 2 survivors (2048K)
 Metaspace       used 10606K, committed 10816K, reserved 1064960K
  class space    used 1206K, committed 1344K, reserved 1048576K

Heap Regions: E=young(eden), S=young(survivor), O=old, HS=humongous(starts), HC=humongous(continues), CS=collection set, F=free, OA=open archive, CA=closed archive, TAMS=top-at-mark-start (previous, next)
|   0|0x0000000081c00000, 0x0000000081d00000, 0x0000000081d00000|100%| O|  |TAMS 0x0000000081c00000, 0x0000000081c00000| Untracked 
|   1|0x0000000081d00000, 0x0000000081e00000, 0x0000000081e00000|100%| O|  |TAMS 0x0000000081d00000, 0x0000000081d00000| Untracked 
|   2|0x0000000081e00000, 0x0000000081f00000, 0x0000000081f00000|100%| O|  |TAMS 0x0000000081e00000, 0x0000000081e00000| Untracked 
|   3|0x0000000081f00000, 0x0000000082000000, 0x0000000082000000|100%| O|  |TAMS 0x0000000081f00000, 0x0000000081f00000| Untracked 
|   4|0x0000000082000000, 0x0000000082100000, 0x0000000082100000|100%| O|  |TAMS 0x0000000082000000, 0x0000000082000000| Untracked 
|   5|0x0000000082100000, 0x0000000082168e00, 0x0000000082200000| 40%| O|  |TAMS 0x0000000082100000, 0x0000000082100000| Untracked 
|   6|0x0000000082200000, 0x0000000082200000, 0x0000000082300000|  0%| F|  |TAMS 0x0000000082200000, 0x0000000082200000| Untracked 
|   7|0x0000000082300000, 0x0000000082300000, 0x0000000082400000|  0%| F|  |TAMS 0x0000000082300000, 0x0000000082300000| Untracked 
|   8|0x0000000082400000, 0x0000000082400000, 0x0000000082500000|  0%| F|  |TAMS 0x0000000082400000, 0x0000000082400000| Untracked 
|   9|0x0000000082500000, 0x0000000082500000, 0x0000000082600000|  0%| F|  |TAMS 0x0000000082500000, 0x0000000082500000| Untracked 
|  10|0x0000000082600000, 0x0000000082600000, 0x0000000082700000|  0%| F|  |TAMS 0x0000000082600000, 0x0000000082600000| Untracked 
|  11|0x0000000082700000, 0x0000000082700000, 0x0000000082800000|  0%| F|  |TAMS 0x0000000082700000, 0x0000000082700000| Untracked 
|  12|0x0000000082800000, 0x0000000082800000, 0x0000000082900000|  0%| F|  |TAMS 0x0000000082800000, 0x0000000082800000| Untracked 
|  13|0x0000000082900000, 0x0000000082900000, 0x0000000082a00000|  0%| F|  |TAMS 0x0000000082900000, 0x0000000082900000| Untracked 
|  14|0x0000000082a00000, 0x0000000082a00000, 0x0000000082b00000|  0%| F|  |TAMS 0x0000000082a00000, 0x0000000082a00000| Untracked 
|  15|0x0000000082b00000, 0x0000000082b00000, 0x0000000082c00000|  0%| F|  |TAMS 0x0000000082b00000, 0x0000000082b00000| Untracked 
|  16|0x0000000082c00000, 0x0000000082c00000, 0x0000000082d00000|  0%| F|  |TAMS 0x0000000082c00000, 0x0000000082c00000| Untracked 
|  17|0x0000000082d00000, 0x0000000082d00000, 0x0000000082e00000|  0%| F|  |TAMS 0x0000000082d00000, 0x0000000082d00000| Untracked 
|  18|0x0000000082e00000, 0x0000000082e00000, 0x0000000082f00000|  0%| F|  |TAMS 0x0000000082e00000, 0x0000000082e00000| Untracked 
|  19|0x0000000082f00000, 0x0000000082f00000, 0x0000000083000000|  0%| F|  |TAMS 0x0000000082f00000, 0x0000000082f00000| Untracked 
|  20|0x0000000083000000, 0x0000000083000000, 0x0000000083100000|  0%| F|  |TAMS 0x0000000083000000, 0x0000000083000000| Untracked 
|  21|0x0000000083100000, 0x0000000083100000, 0x0000000083200000|  0%| F|  |TAMS 0x0000000083100000, 0x0000000083100000| Untracked 
|  22|0x0000000083200000, 0x0000000083200000, 0x0000000083300000|  0%| F|  |TAMS 0x0000000083200000, 0x0000000083200000| Untracked 
|  23|0x0000000083300000, 0x0000000083300000, 0x0000000083400000|  0%| F|  |TAMS 0x0000000083300000, 0x0000000083300000| Untracked 
|  24|0x0000000083400000, 0x0000000083400000, 0x0000000083500000|  0%| F|  |TAMS 0x0000000083400000, 0x0000000083400000| Untracked 
|  25|0x0000000083500000, 0x0000000083500000, 0x0000000083600000|  0%| F|  |TAMS 0x0000000083500000, 0x0000000083500000| Untracked 
|  26|0x0000000083600000, 0x0000000083600000, 0x0000000083700000|  0%| F|  |TAMS 0x0000000083600000, 0x0000000083600000| Untracked 
|  27|0x0000000083700000, 0x0000000083700000, 0x0000000083800000|  0%| F|  |TAMS 0x0000000083700000, 0x0000000083700000| Untracked 
|  28|0x0000000083800000, 0x0000000083800000, 0x0000000083900000|  0%| F|  |TAMS 0x0000000083800000, 0x0000000083800000| Untracked 
|  29|0x0000000083900000, 0x0000000083900000, 0x0000000083a00000|  0%| F|  |TAMS 0x0000000083900000, 0x0000000083900000| Untracked 
|  30|0x0000000083a00000, 0x0000000083a00000, 0x0000000083b00000|  0%| F|  |TAMS 0x0000000083a00000, 0x0000000083a00000| Untracked 
|  31|0x0000000083b00000, 0x0000000083b00000, 0x0000000083c00000|  0%| F|  |TAMS 0x0000000083b00000, 0x0000000083b00000| Untracked 
|  32|0x0000000083c00000, 0x0000000083c00000, 0x0000000083d00000|  0%| F|  |TAMS 0x0000000083c00000, 0x0000000083c00000| Untracked 
|  33|0x0000000083d00000, 0x0000000083d00000, 0x0000000083e00000|  0%| F|  |TAMS 0x0000000083d00000, 0x0000000083d00000| Untracked 
|  34|0x0000000083e00000, 0x0000000083e00000, 0x0000000083f00000|  0%| F|  |TAMS 0x0000000083e00000, 0x0000000083e00000| Untracked 
|  35|0x0000000083f00000, 0x0000000083f00000, 0x0000000084000000|  0%| F|  |TAMS 0x0000000083f00000, 0x0000000083f00000| Untracked 
|  36|0x0000000084000000, 0x0000000084000000, 0x0000000084100000|  0%| F|  |TAMS 0x0000000084000000, 0x0000000084000000| Untracked 
|  37|0x0000000084100000, 0x0000000084100000, 0x0000000084200000|  0%| F|  |TAMS 0x0000000084100000, 0x0000000084100000| Untracked 
|  38|0x0000000084200000, 0x0000000084200000, 0x0000000084300000|  0%| F|  |TAMS 0x0000000084200000, 0x0000000084200000| Untracked 
|  39|0x0000000084300000, 0x0000000084300000, 0x0000000084400000|  0%| F|  |TAMS 0x0000000084300000, 0x0000000084300000| Untracked 
|  40|0x0000000084400000, 0x0000000084400000, 0x0000000084500000|  0%| F|  |TAMS 0x0000000084400000, 0x0000000084400000| Untracked 
|  41|0x0000000084500000, 0x0000000084500000, 0x0000000084600000|  0%| F|  |TAMS 0x0000000084500000, 0x0000000084500000| Untracked 
|  42|0x0000000084600000, 0x0000000084600000, 0x0000000084700000|  0%| F|  |TAMS 0x0000000084600000, 0x0000000084600000| Untracked 
|  43|0x0000000084700000, 0x0000000084700000, 0x0000000084800000|  0%| F|  |TAMS 0x0000000084700000, 0x0000000084700000| Untracked 
|  44|0x0000000084800000, 0x0000000084800000, 0x0000000084900000|  0%| F|  |TAMS 0x0000000084800000, 0x0000000084800000| Untracked 
|  45|0x0000000084900000, 0x0000000084900000, 0x0000000084a00000|  0%| F|  |TAMS 0x0000000084900000, 0x0000000084900000| Untracked 
|  46|0x0000000084a00000, 0x0000000084a00000, 0x0000000084b00000|  0%| F|  |TAMS 0x0000000084a00000, 0x0000000084a00000| Untracked 
|  47|0x0000000084b00000, 0x0000000084b00000, 0x0000000084c00000|  0%| F|  |TAMS 0x0000000084b00000, 0x0000000084b00000| Untracked 
|  48|0x0000000084c00000, 0x0000000084c00000, 0x0000000084d00000|  0%| F|  |TAMS 0x0000000084c00000, 0x0000000084c00000| Untracked 
|  49|0x0000000084d00000, 0x0000000084d00000, 0x0000000084e00000|  0%| F|  |TAMS 0x0000000084d00000, 0x0000000084d00000| Untracked 
|  50|0x0000000084e00000, 0x0000000084e00000, 0x0000000084f00000|  0%| F|  |TAMS 0x0000000084e00000, 0x0000000084e00000| Untracked 
|  51|0x0000000084f00000, 0x0000000084f00000, 0x0000000085000000|  0%| F|  |TAMS 0x0000000084f00000, 0x0000000084f00000| Untracked 
|  52|0x0000000085000000, 0x0000000085000000, 0x0000000085100000|  0%| F|  |TAMS 0x0000000085000000, 0x0000000085000000| Untracked 
|  53|0x0000000085100000, 0x0000000085100000, 0x0000000085200000|  0%| F|  |TAMS 0x0000000085100000, 0x0000000085100000| Untracked 
|  54|0x0000000085200000, 0x0000000085200000, 0x0000000085300000|  0%| F|  |TAMS 0x0000000085200000, 0x0000000085200000| Untracked 
|  55|0x0000000085300000, 0x0000000085300000, 0x0000000085400000|  0%| F|  |TAMS 0x0000000085300000, 0x0000000085300000| Untracked 
|  56|0x0000000085400000, 0x0000000085400000, 0x0000000085500000|  0%| F|  |TAMS 0x0000000085400000, 0x0000000085400000| Untracked 
|  57|0x0000000085500000, 0x0000000085500000, 0x0000000085600000|  0%| F|  |TAMS 0x0000000085500000, 0x0000000085500000| Untracked 
|  58|0x0000000085600000, 0x0000000085600000, 0x0000000085700000|  0%| F|  |TAMS 0x0000000085600000, 0x0000000085600000| Untracked 
|  59|0x0000000085700000, 0x0000000085700000, 0x0000000085800000|  0%| F|  |TAMS 0x0000000085700000, 0x0000000085700000| Untracked 
|  60|0x0000000085800000, 0x0000000085800000, 0x0000000085900000|  0%| F|  |TAMS 0x0000000085800000, 0x0000000085800000| Untracked 
|  61|0x0000000085900000, 0x0000000085900000, 0x0000000085a00000|  0%| F|  |TAMS 0x0000000085900000, 0x0000000085900000| Untracked 
|  62|0x0000000085a00000, 0x0000000085a00000, 0x0000000085b00000|  0%| F|  |TAMS 0x0000000085a00000, 0x0000000085a00000| Untracked 
|  63|0x0000000085b00000, 0x0000000085b00000, 0x0000000085c00000|  0%| F|  |TAMS 0x0000000085b00000, 0x0000000085b00000| Untracked 
|  64|0x0000000085c00000, 0x0000000085c00000, 0x0000000085d00000|  0%| F|  |TAMS 0x0000000085c00000, 0x0000000085c00000| Untracked 
|  65|0x0000000085d00000, 0x0000000085d00000, 0x0000000085e00000|  0%| F|  |TAMS 0x0000000085d00000, 0x0000000085d00000| Untracked 
|  66|0x0000000085e00000, 0x0000000085e00000, 0x0000000085f00000|  0%| F|  |TAMS 0x0000000085e00000, 0x0000000085e00000| Untracked 
|  67|0x0000000085f00000, 0x0000000085f00000, 0x0000000086000000|  0%| F|  |TAMS 0x0000000085f00000, 0x0000000085f00000| Untracked 
|  68|0x0000000086000000, 0x0000000086000000, 0x0000000086100000|  0%| F|  |TAMS 0x0000000086000000, 0x0000000086000000| Untracked 
|  69|0x0000000086100000, 0x0000000086100000, 0x0000000086200000|  0%| F|  |TAMS 0x0000000086100000, 0x0000000086100000| Untracked 
|  70|0x0000000086200000, 0x0000000086200000, 0x0000000086300000|  0%| F|  |TAMS 0x0000000086200000, 0x0000000086200000| Untracked 
|  71|0x0000000086300000, 0x0000000086300000, 0x0000000086400000|  0%| F|  |TAMS 0x0000000086300000, 0x0000000086300000| Untracked 
|  72|0x0000000086400000, 0x0000000086400000, 0x0000000086500000|  0%| F|  |TAMS 0x0000000086400000, 0x0000000086400000| Untracked 
|  73|0x0000000086500000, 0x0000000086500000, 0x0000000086600000|  0%| F|  |TAMS 0x0000000086500000, 0x0000000086500000| Untracked 
|  74|0x0000000086600000, 0x0000000086600000, 0x0000000086700000|  0%| F|  |TAMS 0x0000000086600000, 0x0000000086600000| Untracked 
|  75|0x0000000086700000, 0x0000000086700000, 0x0000000086800000|  0%| F|  |TAMS 0x0000000086700000, 0x0000000086700000| Untracked 
|  76|0x0000000086800000, 0x0000000086800000, 0x0000000086900000|  0%| F|  |TAMS 0x0000000086800000, 0x0000000086800000| Untracked 
|  77|0x0000000086900000, 0x0000000086900000, 0x0000000086a00000|  0%| F|  |TAMS 0x0000000086900000, 0x0000000086900000| Untracked 
|  78|0x0000000086a00000, 0x0000000086a00000, 0x0000000086b00000|  0%| F|  |TAMS 0x0000000086a00000, 0x0000000086a00000| Untracked 
|  79|0x0000000086b00000, 0x0000000086b00000, 0x0000000086c00000|  0%| F|  |TAMS 0x0000000086b00000, 0x0000000086b00000| Untracked 
|  80|0x0000000086c00000, 0x0000000086c00000, 0x0000000086d00000|  0%| F|  |TAMS 0x0000000086c00000, 0x0000000086c00000| Untracked 
|  81|0x0000000086d00000, 0x0000000086d00000, 0x0000000086e00000|  0%| F|  |TAMS 0x0000000086d00000, 0x0000000086d00000| Untracked 
|  82|0x0000000086e00000, 0x0000000086e00000, 0x0000000086f00000|  0%| F|  |TAMS 0x0000000086e00000, 0x0000000086e00000| Untracked 
|  83|0x0000000086f00000, 0x0000000086f00000, 0x0000000087000000|  0%| F|  |TAMS 0x0000000086f00000, 0x0000000086f00000| Untracked 
|  84|0x0000000087000000, 0x0000000087000000, 0x0000000087100000|  0%| F|  |TAMS 0x0000000087000000, 0x0000000087000000| Untracked 
|  85|0x0000000087100000, 0x0000000087100000, 0x0000000087200000|  0%| F|  |TAMS 0x0000000087100000, 0x0000000087100000| Untracked 
|  86|0x0000000087200000, 0x0000000087200000, 0x0000000087300000|  0%| F|  |TAMS 0x0000000087200000, 0x0000000087200000| Untracked 
|  87|0x0000000087300000, 0x0000000087300000, 0x0000000087400000|  0%| F|  |TAMS 0x0000000087300000, 0x0000000087300000| Untracked 
|  88|0x0000000087400000, 0x0000000087400000, 0x0000000087500000|  0%| F|  |TAMS 0x0000000087400000, 0x0000000087400000| Untracked 
|  89|0x0000000087500000, 0x0000000087500000, 0x0000000087600000|  0%| F|  |TAMS 0x0000000087500000, 0x0000000087500000| Untracked 
|  90|0x0000000087600000, 0x0000000087600000, 0x0000000087700000|  0%| F|  |TAMS 0x0000000087600000, 0x0000000087600000| Untracked 
|  91|0x0000000087700000, 0x0000000087700000, 0x0000000087800000|  0%| F|  |TAMS 0x0000000087700000, 0x0000000087700000| Untracked 
|  92|0x0000000087800000, 0x0000000087800000, 0x0000000087900000|  0%| F|  |TAMS 0x0000000087800000, 0x0000000087800000| Untracked 
|  93|0x0000000087900000, 0x0000000087900000, 0x0000000087a00000|  0%| F|  |TAMS 0x0000000087900000, 0x0000000087900000| Untracked 
|  94|0x0000000087a00000, 0x0000000087a00000, 0x0000000087b00000|  0%| F|  |TAMS 0x0000000087a00000, 0x0000000087a00000| Untracked 
|  95|0x0000000087b00000, 0x0000000087b00000, 0x0000000087c00000|  0%| F|  |TAMS 0x0000000087b00000, 0x0000000087b00000| Untracked 
|  96|0x0000000087c00000, 0x0000000087c00000, 0x0000000087d00000|  0%| F|  |TAMS 0x0000000087c00000, 0x0000000087c00000| Untracked 
|  97|0x0000000087d00000, 0x0000000087d00000, 0x0000000087e00000|  0%| F|  |TAMS 0x0000000087d00000, 0x0000000087d00000| Untracked 
|  98|0x0000000087e00000, 0x0000000087e00000, 0x0000000087f00000|  0%| F|  |TAMS 0x0000000087e00000, 0x0000000087e00000| Untracked 
|  99|0x0000000087f00000, 0x0000000087f00000, 0x0000000088000000|  0%| F|  |TAMS 0x0000000087f00000, 0x0000000087f00000| Untracked 
| 100|0x0000000088000000, 0x0000000088000000, 0x0000000088100000|  0%| F|  |TAMS 0x0000000088000000, 0x0000000088000000| Untracked 
| 101|0x0000000088100000, 0x0000000088100000, 0x0000000088200000|  0%| F|  |TAMS 0x0000000088100000, 0x0000000088100000| Untracked 
| 102|0x0000000088200000, 0x0000000088200000, 0x0000000088300000|  0%| F|  |TAMS 0x0000000088200000, 0x0000000088200000| Untracked 
| 103|0x0000000088300000, 0x0000000088300000, 0x0000000088400000|  0%| F|  |TAMS 0x0000000088300000, 0x0000000088300000| Untracked 
| 104|0x0000000088400000, 0x0000000088400000, 0x0000000088500000|  0%| F|  |TAMS 0x0000000088400000, 0x0000000088400000| Untracked 
| 105|0x0000000088500000, 0x0000000088500000, 0x0000000088600000|  0%| F|  |TAMS 0x0000000088500000, 0x0000000088500000| Untracked 
| 106|0x0000000088600000, 0x0000000088600000, 0x0000000088700000|  0%| F|  |TAMS 0x0000000088600000, 0x0000000088600000| Untracked 
| 107|0x0000000088700000, 0x0000000088700000, 0x0000000088800000|  0%| F|  |TAMS 0x0000000088700000, 0x0000000088700000| Untracked 
| 108|0x0000000088800000, 0x0000000088800000, 0x0000000088900000|  0%| F|  |TAMS 0x0000000088800000, 0x0000000088800000| Untracked 
| 109|0x0000000088900000, 0x0000000088900000, 0x0000000088a00000|  0%| F|  |TAMS 0x0000000088900000, 0x0000000088900000| Untracked 
| 110|0x0000000088a00000, 0x0000000088a6e0b8, 0x0000000088b00000| 42%| E|  |TAMS 0x0000000088a00000, 0x0000000088a00000| Complete 
| 111|0x0000000088b00000, 0x0000000088c00000, 0x0000000088c00000|100%| E|CS|TAMS 0x0000000088b00000, 0x0000000088b00000| Complete 
| 112|0x0000000088c00000, 0x0000000088d00000, 0x0000000088d00000|100%| E|CS|TAMS 0x0000000088c00000, 0x0000000088c00000| Complete 
| 113|0x0000000088d00000, 0x0000000088e00000, 0x0000000088e00000|100%| E|CS|TAMS 0x0000000088d00000, 0x0000000088d00000| Complete 
| 114|0x0000000088e00000, 0x0000000088f00000, 0x0000000088f00000|100%| E|CS|TAMS 0x0000000088e00000, 0x0000000088e00000| Complete 
| 115|0x0000000088f00000, 0x0000000088f85a40, 0x0000000089000000| 52%| S|CS|TAMS 0x0000000088f00000, 0x0000000088f00000| Complete 
| 116|0x0000000089000000, 0x0000000089100000, 0x0000000089100000|100%| S|CS|TAMS 0x0000000089000000, 0x0000000089000000| Complete 
| 117|0x0000000089100000, 0x0000000089200000, 0x0000000089200000|100%| E|CS|TAMS 0x0000000089100000, 0x0000000089100000| Complete 
| 118|0x0000000089200000, 0x0000000089300000, 0x0000000089300000|100%| E|CS|TAMS 0x0000000089200000, 0x0000000089200000| Complete 
| 119|0x0000000089300000, 0x0000000089400000, 0x0000000089400000|100%| E|CS|TAMS 0x0000000089300000, 0x0000000089300000| Complete 
| 120|0x0000000089400000, 0x0000000089500000, 0x0000000089500000|100%| E|CS|TAMS 0x0000000089400000, 0x0000000089400000| Complete 
| 121|0x0000000089500000, 0x0000000089600000, 0x0000000089600000|100%| E|CS|TAMS 0x0000000089500000, 0x0000000089500000| Complete 
| 122|0x0000000089600000, 0x0000000089700000, 0x0000000089700000|100%| E|CS|TAMS 0x0000000089600000, 0x0000000089600000| Complete 
| 123|0x0000000089700000, 0x0000000089800000, 0x0000000089800000|100%| E|CS|TAMS 0x0000000089700000, 0x0000000089700000| Complete 
| 124|0x0000000089800000, 0x0000000089900000, 0x0000000089900000|100%| E|CS|TAMS 0x0000000089800000, 0x0000000089800000| Complete 
| 125|0x0000000089900000, 0x0000000089a00000, 0x0000000089a00000|100%| E|CS|TAMS 0x0000000089900000, 0x0000000089900000| Complete 
| 126|0x0000000089a00000, 0x0000000089b00000, 0x0000000089b00000|100%| E|CS|TAMS 0x0000000089a00000, 0x0000000089a00000| Complete 
| 127|0x0000000089b00000, 0x0000000089c00000, 0x0000000089c00000|100%| E|CS|TAMS 0x0000000089b00000, 0x0000000089b00000| Complete 

Card table byte_map: [0x000002da3fb40000,0x000002da3ff40000] _byte_map_base: 0x000002da3f732000

Marking Bits (Prev, Next): (CMBitMap*) 0x000002da28fbdd20, (CMBitMap*) 0x000002da28fbdd60
 Prev Bits: [0x000002da40340000, 0x000002da422d0000)
 Next Bits: [0x000002da422d0000, 0x000002da44260000)

Polling page: 0x000002da26ae0000

Metaspace:

Usage:
  Non-class:      9.18 MB used.
      Class:      1.18 MB used.
       Both:     10.36 MB used.

Virtual space:
  Non-class space:       16.00 MB reserved,       9.25 MB ( 58%) committed,  2 nodes.
      Class space:        1.00 GB reserved,       1.31 MB ( <1%) committed,  1 nodes.
             Both:        1.02 GB reserved,      10.56 MB (  1%) committed. 

Chunk freelists:
   Non-Class:  2.11 MB
       Class:  2.60 MB
        Both:  4.71 MB

MaxMetaspaceSize: unlimited
CompressedClassSpaceSize: 1.00 GB
Initial GC threshold: 21.00 MB
Current GC threshold: 21.00 MB
CDS: on
MetaspaceReclaimPolicy: balanced
 - commit_granule_bytes: 65536.
 - commit_granule_words: 8192.
 - virtual_space_node_default_size: 1048576.
 - enlarge_chunks_in_place: 1.
 - new_chunks_are_fully_committed: 0.
 - uncommit_free_chunks: 1.
 - use_allocation_guard: 0.
 - handle_deallocations: 1.


Internal statistics:

num_allocs_failed_limit: 0.
num_arena_births: 114.
num_arena_deaths: 0.
num_vsnodes_births: 3.
num_vsnodes_deaths: 0.
num_space_committed: 169.
num_space_uncommitted: 0.
num_chunks_returned_to_freelist: 0.
num_chunks_taken_from_freelist: 377.
num_chunk_merges: 0.
num_chunk_splits: 258.
num_chunks_enlarged: 198.
num_purges: 0.
num_inconsistent_stats: 0.

CodeHeap 'non-profiled nmethods': size=120000Kb used=587Kb max_used=587Kb free=119412Kb
 bounds [0x000002da38210000, 0x000002da38480000, 0x000002da3f740000]
CodeHeap 'profiled nmethods': size=120000Kb used=3090Kb max_used=3090Kb free=116909Kb
 bounds [0x000002da30ce0000, 0x000002da30ff0000, 0x000002da38210000]
CodeHeap 'non-nmethods': size=5760Kb used=1164Kb max_used=1182Kb free=4595Kb
 bounds [0x000002da30740000, 0x000002da309b0000, 0x000002da30ce0000]
 total_blobs=2037 nmethods=1578 adapters=372
 compilation: enabled
              stopped_count=0, restarted_count=0
 full_count=0

Compilation events (20 events):
Event: 6.630 Thread 0x000002da47061dd0 1569       3       java.lang.Module::implIsExportedOrOpen (92 bytes)
Event: 6.631 Thread 0x000002da47061dd0 nmethod 1569 0x000002da30fde510 code [0x000002da30fde740, 0x000002da30fdee58]
Event: 6.648 Thread 0x000002da47061dd0 1570       3       java.lang.ClassLoader::checkCerts (121 bytes)
Event: 6.651 Thread 0x000002da47061dd0 nmethod 1570 0x000002da30fdf010 code [0x000002da30fdf300, 0x000002da30fe01e8]
Event: 6.651 Thread 0x000002da47061dd0 1571       3       java.lang.ClassLoader::getDefinedPackage (36 bytes)
Event: 6.652 Thread 0x000002da47061dd0 nmethod 1571 0x000002da30fe0790 code [0x000002da30fe0980, 0x000002da30fe0f88]
Event: 6.652 Thread 0x000002da47061dd0 1572       3       java.lang.ClassLoader::getNamedPackage (73 bytes)
Event: 6.653 Thread 0x000002da47061dd0 nmethod 1572 0x000002da30fe1190 code [0x000002da30fe1380, 0x000002da30fe19c8]
Event: 6.653 Thread 0x000002da47061dd0 1573       3       java.nio.HeapByteBuffer::getShort (29 bytes)
Event: 6.655 Thread 0x000002da47061dd0 nmethod 1573 0x000002da30fe1b90 code [0x000002da30fe1de0, 0x000002da30fe27c8]
Event: 6.655 Thread 0x000002da47061dd0 1574   !   3       jdk.internal.misc.ScopedMemoryAccess::getShortUnaligned (22 bytes)
Event: 6.656 Thread 0x000002da47061dd0 nmethod 1574 0x000002da30fe2c10 code [0x000002da30fe2e00, 0x000002da30fe33a8]
Event: 6.656 Thread 0x000002da47061dd0 1576       3       jdk.internal.misc.Unsafe::pickPos (14 bytes)
Event: 6.656 Thread 0x000002da47061dd0 nmethod 1576 0x000002da30fe3690 code [0x000002da30fe3820, 0x000002da30fe3918]
Event: 6.656 Thread 0x000002da47061dd0 1575       3       jdk.internal.misc.Unsafe::toUnsignedInt (6 bytes)
Event: 6.656 Thread 0x000002da47061dd0 nmethod 1575 0x000002da30fe3990 code [0x000002da30fe3b20, 0x000002da30fe3c18]
Event: 6.657 Thread 0x000002da47061dd0 1577       3       jdk.internal.org.objectweb.asm.MethodWriter::visitFrameEnd (53 bytes)
Event: 6.658 Thread 0x000002da47061dd0 nmethod 1577 0x000002da30fe3c90 code [0x000002da30fe3e60, 0x000002da30fe4348]
Event: 6.658 Thread 0x000002da47061dd0 1578       3       jdk.internal.org.objectweb.asm.MethodWriter::visitFrameStart (55 bytes)
Event: 6.658 Thread 0x000002da47061dd0 nmethod 1578 0x000002da30fe4490 code [0x000002da30fe4640, 0x000002da30fe4958]

GC Heap History (4 events):
Event: 3.779 GC heap before
{Heap before GC invocations=0 (full 0):
 garbage-first heap   total 131072K, used 13312K [0x0000000081c00000, 0x0000000100000000)
  region size 1024K, 13 young (13312K), 0 survivors (0K)
 Metaspace       used 3834K, committed 3904K, reserved 1056768K
  class space    used 404K, committed 448K, reserved 1048576K
}
Event: 3.797 GC heap after
{Heap after GC invocations=1 (full 0):
 garbage-first heap   total 131072K, used 5311K [0x0000000081c00000, 0x0000000100000000)
  region size 1024K, 2 young (2048K), 2 survivors (2048K)
 Metaspace       used 3834K, committed 3904K, reserved 1056768K
  class space    used 404K, committed 448K, reserved 1048576K
}
Event: 4.939 GC heap before
{Heap before GC invocations=1 (full 0):
 garbage-first heap   total 131072K, used 15551K [0x0000000081c00000, 0x0000000100000000)
  region size 1024K, 13 young (13312K), 2 survivors (2048K)
 Metaspace       used 6792K, committed 6976K, reserved 1056768K
  class space    used 725K, committed 832K, reserved 1048576K
}
Event: 4.945 GC heap after
{Heap after GC invocations=2 (full 0):
 garbage-first heap   total 131072K, used 7098K [0x0000000081c00000, 0x0000000100000000)
  region size 1024K, 2 young (2048K), 2 survivors (2048K)
 Metaspace       used 6792K, committed 6976K, reserved 1056768K
  class space    used 725K, committed 832K, reserved 1048576K
}

Deoptimization events (20 events):
Event: 6.455 Thread 0x000002da28f73080 Uncommon trap: trap_request=0xffffffc6 fr.pc=0x000002da3826cbf0 relative=0x00000000000008d0
Event: 6.455 Thread 0x000002da28f73080 Uncommon trap: reason=bimorphic_or_optimized_type_check action=maybe_recompile pc=0x000002da3826cbf0 method=java.util.HashMap.putVal(ILjava/lang/Object;Ljava/lang/Object;ZZ)Ljava/lang/Object; @ 91 c2
Event: 6.455 Thread 0x000002da28f73080 DEOPT PACKING pc=0x000002da3826cbf0 sp=0x000000f3929fe4a0
Event: 6.455 Thread 0x000002da28f73080 DEOPT UNPACKING pc=0x000002da307923a3 sp=0x000000f3929fe3d8 mode 2
Event: 6.460 Thread 0x000002da28f73080 Uncommon trap: trap_request=0xffffff45 fr.pc=0x000002da3826af00 relative=0x0000000000000260
Event: 6.460 Thread 0x000002da28f73080 Uncommon trap: reason=unstable_if action=reinterpret pc=0x000002da3826af00 method=java.util.concurrent.ConcurrentHashMap.get(Ljava/lang/Object;)Ljava/lang/Object; @ 152 c2
Event: 6.460 Thread 0x000002da28f73080 DEOPT PACKING pc=0x000002da3826af00 sp=0x000000f3929fdad0
Event: 6.460 Thread 0x000002da28f73080 DEOPT UNPACKING pc=0x000002da307923a3 sp=0x000000f3929fda48 mode 2
Event: 6.461 Thread 0x000002da28f73080 Uncommon trap: trap_request=0xffffffc6 fr.pc=0x000002da3826cbf0 relative=0x00000000000008d0
Event: 6.461 Thread 0x000002da28f73080 Uncommon trap: reason=bimorphic_or_optimized_type_check action=maybe_recompile pc=0x000002da3826cbf0 method=java.util.HashMap.putVal(ILjava/lang/Object;Ljava/lang/Object;ZZ)Ljava/lang/Object; @ 91 c2
Event: 6.461 Thread 0x000002da28f73080 DEOPT PACKING pc=0x000002da3826cbf0 sp=0x000000f3929fe060
Event: 6.461 Thread 0x000002da28f73080 DEOPT UNPACKING pc=0x000002da307923a3 sp=0x000000f3929fdf98 mode 2
Event: 6.469 Thread 0x000002da28f73080 Uncommon trap: trap_request=0xffffffc6 fr.pc=0x000002da3826dce4 relative=0x00000000000007c4
Event: 6.469 Thread 0x000002da28f73080 Uncommon trap: reason=bimorphic_or_optimized_type_check action=maybe_recompile pc=0x000002da3826dce4 method=java.util.HashMap.putVal(ILjava/lang/Object;Ljava/lang/Object;ZZ)Ljava/lang/Object; @ 91 c2
Event: 6.469 Thread 0x000002da28f73080 DEOPT PACKING pc=0x000002da3826dce4 sp=0x000000f3929fd970
Event: 6.469 Thread 0x000002da28f73080 DEOPT UNPACKING pc=0x000002da307923a3 sp=0x000000f3929fd930 mode 2
Event: 6.495 Thread 0x000002da28f73080 Uncommon trap: trap_request=0xffffff45 fr.pc=0x000002da38297e64 relative=0x0000000000000704
Event: 6.495 Thread 0x000002da28f73080 Uncommon trap: reason=unstable_if action=reinterpret pc=0x000002da38297e64 method=java.util.HashMap.putVal(ILjava/lang/Object;Ljava/lang/Object;ZZ)Ljava/lang/Object; @ 109 c2
Event: 6.495 Thread 0x000002da28f73080 DEOPT PACKING pc=0x000002da38297e64 sp=0x000000f3929fdc40
Event: 6.495 Thread 0x000002da28f73080 DEOPT UNPACKING pc=0x000002da307923a3 sp=0x000000f3929fdb70 mode 2

Classes unloaded (0 events):
No events

Classes redefined (0 events):
No events

Internal exceptions (20 events):
Event: 3.818 Thread 0x000002da28f73080 Exception <a 'java/lang/NoSuchMethodError'{0x0000000089b240e8}: 'int java.lang.invoke.DirectMethodHandle$Holder.invokeInterface(java.lang.Object, java.lang.Object)'> (0x0000000089b240e8) 
thrown [t:\workspace\open\src\hotspot\share\interpreter\linkResolver.cpp, line 766]
Event: 3.900 Thread 0x000002da28f73080 Exception <a 'java/lang/NoSuchMethodError'{0x0000000089a25ab8}: 'void java.lang.invoke.DirectMethodHandle$Holder.invokeStatic(java.lang.Object, java.lang.Object, java.lang.Object, java.lang.Object)'> (0x0000000089a25ab8) 
thrown [t:\workspace\open\src\hotspot\share\interpreter\linkResolver.cpp, line 766]
Event: 3.972 Thread 0x000002da28f73080 Exception <a 'java/lang/NoSuchMethodError'{0x0000000089a9ff40}: 'java.lang.Object java.lang.invoke.DirectMethodHandle$Holder.newInvokeSpecial(java.lang.Object, java.lang.Object, java.lang.Object, java.lang.Object, java.lang.Object, java.lang.Object)'> (0x0000000089a9ff40) 
thrown [t:\workspace\open\src\hotspot\share\interpreter\linkResolver.cpp, line 766]
Event: 3.977 Thread 0x000002da28f73080 Exception <a 'java/lang/NoSuchMethodError'{0x0000000089aae248}: 'void java.lang.invoke.DirectMethodHandle$Holder.invokeStaticInit(java.lang.Object)'> (0x0000000089aae248) 
thrown [t:\workspace\open\src\hotspot\share\interpreter\linkResolver.cpp, line 766]
Event: 3.989 Thread 0x000002da28f73080 Exception <a 'java/lang/NoSuchMethodError'{0x0000000089ac41f0}: 'java.lang.Object java.lang.invoke.DirectMethodHandle$Holder.newInvokeSpecial(java.lang.Object, java.lang.Object, java.lang.Object, java.lang.Object, java.lang.Object, java.lang.Object, java.lang.Object)'> (0x0000000089ac41f0) 
thrown [t:\workspace\open\src\hotspot\share\interpreter\linkResolver.cpp, line 766]
Event: 3.991 Thread 0x000002da28f73080 Exception <a 'java/lang/NoSuchMethodError'{0x0000000089ac8a20}: 'java.lang.Object java.lang.invoke.Invokers$Holder.linkToTargetMethod(java.lang.Object, java.lang.Object, java.lang.Object, java.lang.Object, java.lang.Object, java.lang.Object, java.lang.Object)'> (0x0000000089ac8a20) 
thrown [t:\workspace\open\src\hotspot\share\interpreter\linkResolver.cpp, line 766]
Event: 3.997 Thread 0x000002da28f73080 Exception <a 'java/lang/NoSuchMethodError'{0x0000000089ad1400}: 'java.lang.Object java.lang.invoke.DirectMethodHandle$Holder.invokeSpecialIFC(java.lang.Object, java.lang.Object, java.lang.Object, java.lang.Object, java.lang.Object)'> (0x0000000089ad1400) 
thrown [t:\workspace\open\src\hotspot\share\interpreter\linkResolver.cpp, line 766]
Event: 4.175 Thread 0x000002da28f73080 Exception <a 'java/lang/NoSuchMethodError'{0x00000000898a53e8}: 'java.lang.Object java.lang.invoke.DirectMethodHandle$Holder.invokeStaticInit(java.lang.Object, int, int, int, int)'> (0x00000000898a53e8) 
thrown [t:\workspace\open\src\hotspot\share\interpreter\linkResolver.cpp, line 766]
Event: 4.298 Thread 0x000002da28f73080 Exception <a 'java/lang/NoSuchMethodError'{0x00000000898c96e0}: 'java.lang.Object java.lang.invoke.DirectMethodHandle$Holder.invokeStaticInit(java.lang.Object, java.lang.Object, int, int, int, int)'> (0x00000000898c96e0) 
thrown [t:\workspace\open\src\hotspot\share\interpreter\linkResolver.cpp, line 766]
Event: 4.344 Thread 0x000002da28f73080 Exception <a 'java/lang/NoSuchMethodError'{0x000000008972d4f8}: 'void java.lang.invoke.DirectMethodHandle$Holder.invokeSpecial(java.lang.Object, java.lang.Object, java.lang.Object)'> (0x000000008972d4f8) 
thrown [t:\workspace\open\src\hotspot\share\interpreter\linkResolver.cpp, line 766]
Event: 4.402 Thread 0x000002da28f73080 Exception <a 'java/lang/NoSuchMethodError'{0x000000008978f068}: 'int java.lang.invoke.DirectMethodHandle$Holder.invokeSpecial(java.lang.Object, java.lang.Object, java.lang.Object)'> (0x000000008978f068) 
thrown [t:\workspace\open\src\hotspot\share\interpreter\linkResolver.cpp, line 766]
Event: 4.460 Thread 0x000002da28f73080 Exception <a 'sun/nio/fs/WindowsException'{0x00000000897edd18}> (0x00000000897edd18) 
thrown [t:\workspace\open\src\hotspot\share\prims\jni.cpp, line 516]
Event: 5.601 Thread 0x000002da28f73080 Exception <a 'java/lang/NoSuchMethodError'{0x00000000893a5030}: 'void java.lang.invoke.DirectMethodHandle$Holder.invokeVirtual(java.lang.Object, java.lang.Object, java.lang.Object, java.lang.Object)'> (0x00000000893a5030) 
thrown [t:\workspace\open\src\hotspot\share\interpreter\linkResolver.cpp, line 766]
Event: 5.656 Thread 0x000002da28f73080 Exception <a 'java/lang/NoSuchMethodError'{0x00000000893f2a28}: 'java.lang.Object java.lang.invoke.DirectMethodHandle$Holder.invokeStatic(java.lang.Object, java.lang.Object, int)'> (0x00000000893f2a28) 
thrown [t:\workspace\open\src\hotspot\share\interpreter\linkResolver.cpp, line 766]
Event: 5.664 Thread 0x000002da28f73080 Exception <a 'java/lang/NoSuchMethodError'{0x00000000893fe718}: 'void java.lang.invoke.DelegatingMethodHandle$Holder.delegate(java.lang.Object, java.lang.Object, int, java.lang.Object)'> (0x00000000893fe718) 
thrown [t:\workspace\open\src\hotspot\share\interpreter\linkResolver.cpp, line 766]
Event: 5.821 Thread 0x000002da28f73080 Exception <a 'java/lang/NoSuchMethodError'{0x0000000089274d50}: 'void java.lang.invoke.DirectMethodHandle$Holder.invokeStatic(java.lang.Object, java.lang.Object, java.lang.Object)'> (0x0000000089274d50) 
thrown [t:\workspace\open\src\hotspot\share\interpreter\linkResolver.cpp, line 766]
Event: 6.583 Thread 0x000002da28f73080 Exception <a 'java/lang/NoSuchMethodError'{0x0000000088b9a9c0}: 'int java.lang.invoke.DirectMethodHandle$Holder.invokeVirtual(java.lang.Object, java.lang.Object)'> (0x0000000088b9a9c0) 
thrown [t:\workspace\open\src\hotspot\share\interpreter\linkResolver.cpp, line 766]
Event: 6.606 Thread 0x000002da28f73080 Exception <a 'java/lang/IncompatibleClassChangeError'{0x0000000088bccfd8}: Found class java.lang.Object, but interface was expected> (0x0000000088bccfd8) 
thrown [t:\workspace\open\src\hotspot\share\interpreter\linkResolver.cpp, line 833]
Event: 6.636 Thread 0x000002da28f73080 Exception <a 'sun/nio/fs/WindowsException'{0x0000000088a084b0}> (0x0000000088a084b0) 
thrown [t:\workspace\open\src\hotspot\share\prims\jni.cpp, line 516]
Event: 6.644 Thread 0x000002da28f73080 Exception <a 'java/lang/NoSuchMethodError'{0x0000000088a19be0}: 'void java.lang.invoke.DirectMethodHandle$Holder.invokeSpecial(java.lang.Object, java.lang.Object, java.lang.Object, java.lang.Object, java.lang.Object)'> (0x0000000088a19be0) 
thrown [t:\workspace\open\src\hotspot\share\interpreter\linkResolver.cpp, line 766]

VM Operations (20 events):
Event: 4.009 Executing VM operation: HandshakeAllThreads
Event: 4.009 Executing VM operation: HandshakeAllThreads done
Event: 4.439 Executing VM operation: HandshakeAllThreads
Event: 4.439 Executing VM operation: HandshakeAllThreads done
Event: 4.800 Executing VM operation: HandshakeAllThreads
Event: 4.801 Executing VM operation: HandshakeAllThreads done
Event: 4.801 Executing VM operation: Cleanup
Event: 4.801 Executing VM operation: Cleanup done
Event: 4.804 Executing VM operation: HandshakeAllThreads
Event: 4.804 Executing VM operation: HandshakeAllThreads done
Event: 4.930 Executing VM operation: HandshakeAllThreads
Event: 4.930 Executing VM operation: HandshakeAllThreads done
Event: 4.939 Executing VM operation: G1CollectForAllocation
Event: 4.945 Executing VM operation: G1CollectForAllocation done
Event: 5.655 Executing VM operation: HandshakeAllThreads
Event: 5.655 Executing VM operation: HandshakeAllThreads done
Event: 6.298 Executing VM operation: HandshakeAllThreads
Event: 6.298 Executing VM operation: HandshakeAllThreads done
Event: 6.298 Executing VM operation: Cleanup
Event: 6.298 Executing VM operation: Cleanup done

Events (20 events):
Event: 6.381 loading class sun/reflect/generics/reflectiveObjects/ParameterizedTypeImpl
Event: 6.381 loading class java/lang/reflect/ParameterizedType
Event: 6.381 loading class java/lang/reflect/ParameterizedType done
Event: 6.381 loading class sun/reflect/generics/reflectiveObjects/ParameterizedTypeImpl done
Event: 6.382 loading class sun/reflect/generics/reflectiveObjects/TypeVariableImpl
Event: 6.382 loading class sun/reflect/generics/reflectiveObjects/LazyReflectiveObjectGenerator
Event: 6.382 loading class sun/reflect/generics/reflectiveObjects/LazyReflectiveObjectGenerator done
Event: 6.382 loading class sun/reflect/generics/reflectiveObjects/TypeVariableImpl done
Event: 6.384 loading class sun/reflect/generics/tree/TypeVariableSignature
Event: 6.384 loading class sun/reflect/generics/tree/TypeVariableSignature done
Event: 6.387 loading class jdk/internal/ValueBased
Event: 6.387 loading class jdk/internal/ValueBased done
Event: 6.456 loading class sun/reflect/generics/scope/ConstructorScope
Event: 6.456 loading class sun/reflect/generics/scope/ConstructorScope done
Event: 6.456 loading class sun/reflect/generics/tree/VoidDescriptor
Event: 6.456 loading class sun/reflect/generics/tree/VoidDescriptor done
Event: 6.640 loading class java/nio/file/FileTreeWalker$DirectoryNode
Event: 6.640 loading class java/nio/file/FileTreeWalker$DirectoryNode done
Event: 6.656 loading class java/lang/annotation/Repeatable
Event: 6.656 loading class java/lang/annotation/Repeatable done


Dynamic libraries:
0x00007ff61aef0000 - 0x00007ff61af00000 	C:\Program Files\Java\jdk-17.0.2\bin\javaw.exe
0x00007ffc31d70000 - 0x00007ffc31f67000 	C:\WINDOWS\SYSTEM32\ntdll.dll
0x00007ffc305b0000 - 0x00007ffc3066d000 	C:\WINDOWS\System32\KERNEL32.DLL
0x00007ffc2fa80000 - 0x00007ffc2fd4d000 	C:\WINDOWS\System32\KERNELBASE.dll
0x00007ffc2ce00000 - 0x00007ffc2ce90000 	C:\WINDOWS\SYSTEM32\apphelp.dll
0x00007ffbd6510000 - 0x00007ffbd69a4000 	C:\WINDOWS\SYSTEM32\AcLayers.DLL
0x00007ffc309d0000 - 0x00007ffc30a6e000 	C:\WINDOWS\System32\msvcrt.dll
0x00007ffc30a70000 - 0x00007ffc30c10000 	C:\WINDOWS\System32\USER32.dll
0x00007ffc2fd50000 - 0x00007ffc2fd72000 	C:\WINDOWS\System32\win32u.dll
0x00007ffc30810000 - 0x00007ffc3083a000 	C:\WINDOWS\System32\GDI32.dll
0x00007ffc2f840000 - 0x00007ffc2f94b000 	C:\WINDOWS\System32\gdi32full.dll
0x00007ffc2f590000 - 0x00007ffc2f62d000 	C:\WINDOWS\System32\msvcp_win.dll
0x00007ffc2f490000 - 0x00007ffc2f590000 	C:\WINDOWS\System32\ucrtbase.dll
0x00007ffc31860000 - 0x00007ffc318b5000 	C:\WINDOWS\System32\SHLWAPI.dll
0x00007ffc302b0000 - 0x00007ffc3035e000 	C:\WINDOWS\System32\ADVAPI32.dll
0x00007ffc317c0000 - 0x00007ffc3185c000 	C:\WINDOWS\System32\sechost.dll
0x00007ffc30360000 - 0x00007ffc30485000 	C:\WINDOWS\System32\RPCRT4.dll
0x000002da26900000 - 0x000002da26903000 	C:\WINDOWS\SYSTEM32\sfc.dll
0x00007ffc1ee90000 - 0x00007ffc1ef24000 	C:\WINDOWS\SYSTEM32\WINSPOOL.DRV
0x00007ffbfb080000 - 0x00007ffbfb092000 	C:\WINDOWS\SYSTEM32\sfc_os.DLL
0x00007ffc23900000 - 0x00007ffc23911000 	C:\WINDOWS\SYSTEM32\SortWindows61.dll
0x00007ffc30d40000 - 0x00007ffc30d70000 	C:\WINDOWS\System32\IMM32.DLL
0x00007ffc12fd0000 - 0x00007ffc12fe8000 	C:\Program Files\Java\jdk-17.0.2\bin\jli.dll
0x00007ffc12fb0000 - 0x00007ffc12fca000 	C:\Program Files\Java\jdk-17.0.2\bin\VCRUNTIME140.dll
0x00007ffc1ebf0000 - 0x00007ffc1ee8a000 	C:\WINDOWS\WinSxS\amd64_microsoft.windows.common-controls_6595b64144ccf1df_6.0.19041.1110_none_60b5254171f9507e\COMCTL32.dll
0x00007ffc28a90000 - 0x00007ffc28a9a000 	C:\WINDOWS\SYSTEM32\VERSION.dll
0x00007ffc12f80000 - 0x00007ffc12f8c000 	C:\Program Files\Java\jdk-17.0.2\bin\vcruntime140_1.dll
0x00007ffc12ef0000 - 0x00007ffc12f7d000 	C:\Program Files\Java\jdk-17.0.2\bin\msvcp140.dll
0x00007ffc12320000 - 0x00007ffc12ee1000 	C:\Program Files\Java\jdk-17.0.2\bin\server\jvm.dll
0x00007ffc30670000 - 0x00007ffc30678000 	C:\WINDOWS\System32\PSAPI.DLL
0x00007ffc12310000 - 0x00007ffc12319000 	C:\WINDOWS\SYSTEM32\WSOCK32.dll
0x00007ffc31750000 - 0x00007ffc317bb000 	C:\WINDOWS\System32\WS2_32.dll
0x00007ffc29ea0000 - 0x00007ffc29ec7000 	C:\WINDOWS\SYSTEM32\WINMM.dll
0x00007ffc2d2b0000 - 0x00007ffc2d2c2000 	C:\WINDOWS\SYSTEM32\kernel.appcore.dll
0x00007ffc12060000 - 0x00007ffc1206a000 	C:\Program Files\Java\jdk-17.0.2\bin\jimage.dll
0x00007ffc26b50000 - 0x00007ffc26d34000 	C:\WINDOWS\SYSTEM32\DBGHELP.DLL
0x00007ffc17b70000 - 0x00007ffc17b9c000 	C:\WINDOWS\SYSTEM32\dbgcore.DLL
0x00007ffc2f9f0000 - 0x00007ffc2fa72000 	C:\WINDOWS\System32\bcryptPrimitives.dll
0x00007ffc119a0000 - 0x00007ffc119c5000 	C:\Program Files\Java\jdk-17.0.2\bin\java.dll
0x00007ffc11210000 - 0x00007ffc112e6000 	C:\Program Files\Java\jdk-17.0.2\bin\jsvml.dll
0x00007ffc30d70000 - 0x00007ffc314b4000 	C:\WINDOWS\System32\SHELL32.dll
0x00007ffc2d590000 - 0x00007ffc2dd24000 	C:\WINDOWS\SYSTEM32\windows.storage.dll
0x00007ffc2ff50000 - 0x00007ffc302a4000 	C:\WINDOWS\System32\combase.dll
0x00007ffc2ee20000 - 0x00007ffc2ee4c000 	C:\WINDOWS\SYSTEM32\Wldp.dll
0x00007ffc304f0000 - 0x00007ffc3059d000 	C:\WINDOWS\System32\SHCORE.dll
0x00007ffc2f3d0000 - 0x00007ffc2f3ef000 	C:\WINDOWS\SYSTEM32\profapi.dll
0x00007ffc10eb0000 - 0x00007ffc10ec9000 	C:\Program Files\Java\jdk-17.0.2\bin\net.dll
0x00007ffc27040000 - 0x00007ffc2714a000 	C:\WINDOWS\SYSTEM32\WINHTTP.dll
0x00007ffc2eb80000 - 0x00007ffc2ebea000 	C:\WINDOWS\system32\mswsock.dll
0x00007ffc10e90000 - 0x00007ffc10ea6000 	C:\Program Files\Java\jdk-17.0.2\bin\nio.dll
0x00007ffc10e70000 - 0x00007ffc10e88000 	C:\Program Files\Java\jdk-17.0.2\bin\zip.dll
0x00007ffc2e870000 - 0x00007ffc2e8ab000 	C:\WINDOWS\SYSTEM32\IPHLPAPI.DLL
0x00007ffc305a0000 - 0x00007ffc305a8000 	C:\WINDOWS\System32\NSI.dll
0x00007ffc295b0000 - 0x00007ffc295c7000 	C:\WINDOWS\SYSTEM32\dhcpcsvc6.DLL
0x00007ffc28fd0000 - 0x00007ffc28fed000 	C:\WINDOWS\SYSTEM32\dhcpcsvc.DLL
0x00007ffc2e8b0000 - 0x00007ffc2e97b000 	C:\WINDOWS\SYSTEM32\DNSAPI.dll
0x00007ffc105b0000 - 0x00007ffc105c0000 	C:\Program Files\Java\jdk-17.0.2\bin\verify.dll
0x00007ffc2ed80000 - 0x00007ffc2ed98000 	C:\WINDOWS\SYSTEM32\CRYPTSP.dll
0x00007ffc2e500000 - 0x00007ffc2e534000 	C:\WINDOWS\system32\rsaenh.dll
0x00007ffc2f9c0000 - 0x00007ffc2f9e7000 	C:\WINDOWS\System32\bcrypt.dll
0x00007ffc2f390000 - 0x00007ffc2f3be000 	C:\WINDOWS\SYSTEM32\USERENV.dll
0x00007ffc2ed70000 - 0x00007ffc2ed7c000 	C:\WINDOWS\SYSTEM32\CRYPTBASE.dll

dbghelp: loaded successfully - version: 4.0.5 - missing functions: none
symbol engine: initialized successfully - sym options: 0x614 - pdb path: .;C:\Program Files\Java\jdk-17.0.2\bin;C:\WINDOWS\SYSTEM32;C:\WINDOWS\WinSxS\amd64_microsoft.windows.common-controls_6595b64144ccf1df_6.0.19041.1110_none_60b5254171f9507e;C:\Program Files\Java\jdk-17.0.2\bin\server

VM Arguments:
jvm_args: -ea -Dfile.encoding=windows-1252 -XX:+ShowCodeDetailsInExceptionMessages 
java_command: org.eclipse.jdt.internal.junit.runner.RemoteTestRunner -version 3 -port 49495 -testLoaderClass org.eclipse.jdt.internal.junit4.runner.JUnit4TestLoader -loaderpluginname org.eclipse.jdt.junit4.runtime -classNames testRunner.TestRunner
java_class_path (initial): C:\Users\biswa\Downloads\Myeclipse\nopCommerceV001_Cucumber\target\test-classes;C:\Users\biswa\Downloads\Myeclipse\nopCommerceV001_Cucumber\target\classes;C:\Users\biswa\.p2\pool\plugins\org.junit_4.13.2.v20211018-1956.jar;C:\Users\biswa\.p2\pool\plugins\org.hamcrest.core_1.3.0.v20180420-1519.jar;C:\Users\biswa\.m2\repository\io\cucumber\cucumber-core\7.9.0\cucumber-core-7.9.0.jar;C:\Users\biswa\.m2\repository\io\cucumber\cucumber-gherkin\7.9.0\cucumber-gherkin-7.9.0.jar;C:\Users\biswa\.m2\repository\io\cucumber\cucumber-gherkin-messages\7.9.0\cucumber-gherkin-messages-7.9.0.jar;C:\Users\biswa\.m2\repository\io\cucumber\messages\19.1.4\messages-19.1.4.jar;C:\Users\biswa\.m2\repository\io\cucumber\tag-expressions\4.1.0\tag-expressions-4.1.0.jar;C:\Users\biswa\.m2\repository\io\cucumber\cucumber-expressions\16.0.0\cucumber-expressions-16.0.0.jar;C:\Users\biswa\.m2\repository\io\cucumber\datatable\7.9.0\datatable-7.9.0.jar;C:\Users\biswa\.m2\repository\io\cucumber\cucumber-plugin\7.9.0\cucumber-plugin-7.9.0.jar;C:\Users\biswa\.m2\repository\io\cucumber\docstring\7.9.0\docstring-7.9.0.jar;C:\Users\biswa\.m2\repository\io\cucumber\html-formatter\20.1.0\html-formatter-20.1.0.jar;C:\Users\biswa\.m2\repository\io\cucumber\ci-environment\9.1.0\ci-environment-9.1.0.jar;C:\Users\biswa\.m2\repository\org\apiguardian\apiguardian-api\1.1.2\apiguardian-api-1.1.2.jar;C:\Users\biswa\.m2\repository\io\cucumber\cucumber-html\0.2.7\cucumber-html-0.2.7.jar;C:\Users\biswa\.m2\repository\net\sourceforge\cobertura\cobertura\2.1.1\cobertura-2.1.1.jar;C:\Users\biswa\.m2\repository\org\ow2\asm\asm\5.0.1\asm-5.0.1.jar;C:\Users\biswa\.m2\repository\org\ow2\asm\asm-tree\5.0.1\asm-tree-5.0.1.jar;C:\Users\biswa\.m2\repository\org\ow2\asm\asm-commons\5.0.1\asm-commons-5.0.1.jar;C:\Users\biswa\.m2\repository\org\ow2\asm\asm-util\5.0.1\asm-util-5.0.1.jar;C:\Users\biswa\.m2\repository\org\ow2\asm\asm-analysis\5.0.1\asm-analysis-5.0.1.jar;C:\Users\biswa\.m2\repository\oro\o
Launcher Type: SUN_STANDARD

[Global flags]
     intx CICompilerCount                          = 3                                         {product} {ergonomic}
     uint ConcGCThreads                            = 1                                         {product} {ergonomic}
     uint G1ConcRefinementThreads                  = 4                                         {product} {ergonomic}
   size_t G1HeapRegionSize                         = 1048576                                   {product} {ergonomic}
    uintx GCDrainStackTargetSize                   = 64                                        {product} {ergonomic}
   size_t InitialHeapSize                          = 134217728                                 {product} {ergonomic}
   size_t MarkStackSize                            = 4194304                                   {product} {ergonomic}
   size_t MaxHeapSize                              = 2118123520                                {product} {ergonomic}
   size_t MaxNewSize                               = 1270874112                                {product} {ergonomic}
   size_t MinHeapDeltaBytes                        = 1048576                                   {product} {ergonomic}
   size_t MinHeapSize                              = 8388608                                   {product} {ergonomic}
    uintx NonNMethodCodeHeapSize                   = 5832780                                {pd product} {ergonomic}
    uintx NonProfiledCodeHeapSize                  = 122912730                              {pd product} {ergonomic}
    uintx ProfiledCodeHeapSize                     = 122912730                              {pd product} {ergonomic}
    uintx ReservedCodeCacheSize                    = 251658240                              {pd product} {ergonomic}
     bool SegmentedCodeCache                       = true                                      {product} {ergonomic}
     bool ShowCodeDetailsInExceptionMessages       = true                                   {manageable} {command line}
   size_t SoftMaxHeapSize                          = 2118123520                             {manageable} {ergonomic}
     bool UseCompressedClassPointers               = true                           {product lp64_product} {ergonomic}
     bool UseCompressedOops                        = true                           {product lp64_product} {ergonomic}
     bool UseG1GC                                  = true                                      {product} {ergonomic}
     bool UseLargePagesIndividualAllocation        = false                                  {pd product} {ergonomic}

Logging:
Log output configuration:
 #0: stdout all=warning uptime,level,tags
 #1: stderr all=off uptime,level,tags

Environment Variables:
JAVA_HOME=C:\Program Files\Java\jdk-17.0.2
PATH=C:/Program Files/Java/jdk-17.0.2/bin/server;C:/Program Files/Java/jdk-17.0.2/bin;C:\Program Files\Java\jdk-17.0.2\bin;C:\Users\biswa\Downloads\Selenium\apache-maven-3.8.6-bin\apache-maven-3.8.6\bin;D:\oracle\product\10.2.0\db_1\bin;C:\Program Files\Common Files\Oracle\Java\javapath;C:\ProgramData\Oracle\Java\javapath;C:\Program Files (x86)\Intel\iCLS Client\;C:\Program Files\Intel\iCLS Client\;C:\WINDOWS\system32;C:\WINDOWS;C:\WINDOWS\System32\Wbem;C:\WINDOWS\System32\WindowsPowerShell\v1.0\;C:\WINDOWS\System32\OpenSSH\;C:\Program Files (x86)\AMD\ATI.ACE\Core-Static;C:\Program Files\Intel\Intel(R) Management Engine Components\DAL;C:\Program Files\Intel\Intel(R) Management Engine Components\IPT;C:\Program Files (x86)\Intel\Intel(R) Management Engine Components\DAL;C:\Program Files (x86)\Intel\Intel(R) Management Engine Components\IPT;C:\Program Files\dotnet\;C:\Program Files\Git\cmd;C:\ProgramData\chocolatey\bin;C:\Program Files\nodejs;C:\Program Files\Git LFS;C:\Users\biswa\AppData\Roaming\npm\node_modules\newman\bin;C:\Users\biswa\AppData\Local\Microsoft\WindowsApps;C:\ProgramData\biswa\GitHubDesktop\bin;C:\Users\biswa\AppData\Roaming\npm;C:\Program Files\JetBrains\IntelliJ IDEA Community Edition 2022.2.3\bin;C:\Users\biswa\OneDrive\Desktop;
USERNAME=biswa
OS=Windows_NT
PROCESSOR_IDENTIFIER=Intel64 Family 6 Model 58 Stepping 9, GenuineIntel



---------------  S Y S T E M  ---------------

OS:
 Windows 10 , 64 bit Build 19041 (10.0.19041.1741)
OS uptime: 2 days 0:47 hours

CPU: total 4 (initial active 4) (2 cores per cpu, 2 threads per core) family 6 model 58 stepping 9 microcode 0x21, cx8, cmov, fxsr, ht, mmx, sse, sse2, sse3, ssse3, sse4.1, sse4.2, popcnt, tsc, tscinvbit, avx, aes, erms, clmul, vzeroupper, clflush

Memory: 4k page, system-wide physical 8073M (419M free)
TotalPageFile size 14519M (AvailPageFile size 0M)
current process WorkingSet (physical memory assigned to process): 106M, peak: 106M
current process commit charge ("private bytes"): 245M, peak: 245M

vm_info: Java HotSpot(TM) 64-Bit Server VM (17.0.2+8-LTS-86) for windows-amd64 JRE (17.0.2+8-LTS-86), built on Dec  7 2021 21:51:03 by "mach5one" with MS VC++ 16.8 / 16.9 (VS2019)

END.
